1662792354025:login Samba
1662796761018:login Han
1662796870246:login Alice
1662796881227:login Samba
1662797028408:login Alice
1662798783709:topup 30
1662798852476:login Samba
1662798857733:top 90
1662798877539:topup 90
1662799035207:login Samba
1662799040266:topup 90
1662799049047:topup 30
1662799234868:login Samba
1662799240175:topup 90
1662799270615:topup 30
1662799354176:login Samba
1662799359910:topup 9
1662799411658:login Samba
1662799416440:topup 9
1662799429980:topup 90
1662802834461:login Alice
1662802845108:topup 100
1662802859029:login Bob
1662802866206:topup 80
1662802892928:pay Alice 50
1662802967325:pay Alice 100
1662803217774:login Alice
1662803225836:topup 100
1662803234554:login Bob
1662803248842:pay Alice 50
1662803283485:login Alice
1662803290693:topup 100
1662803298035:login Bob
1662803305897:topup 80
1662803317805:pay Alice 50
1662803416054:login Alice
1662803420987:topup 100
1662803425617:login Bob
1662803430187:topup 80
1662803440278:pay Alice 50
1662803456030:pay Alice 100
1662803898149:login Alice
1662803905280:topup 100
1662803908931:login Bob
1662803914170:topup 80
1662803926425:pay Alice 50
1662803941987:pay Alice 100
1662804258492:login Alice
1662804263885:topup 100
1662804267950:login Bob
1662804273548:topup 80
1662804280686:pay Alice 50
1662804330292:pay Alice 100
1662804346484:topup 30
1662806196343:login Alice
1662806208795:topup 100
1662806215734:login Bob
1662806221565:topup 80
1662806233939:pay Alice 50
1662806244927:pay Alice 100
1662806261990:topup 30
1662806983517:login Alice
1662806987877:topup 100
1662806992660:login Bob
1662806996991:topup 80
1662807006964:pay Alice 50
1662807038476:pay Alice 100
1662807051349:topup 30
1662807702388:login Alice
1662807708607:topup 100
1662807712519:login Bob
1662807717573:topup 80
1662807727053:pay Alice 50
1662807733730:pay Alice 100
1662807745222:topup 30
1662808214719:login Alice
1662808224398:topup 100
1662808228792:login Bob
1662808233672:topup 80
1662808244987:pay Alice 50
1662808290939:pay Alice 100
1662808302210:topup 30
1662808312475:login Alice
1662808453066:topup 100
1662808457245:login Bob
1662808461248:topup 80
1662808469082:pay Alice 50
1662808474349:pay Alice 100
1662808557746:topup 30
1662808570025:login Alice
1662818180304:topup 100
1662818184152:login Bob
1662818188478:topup 80
1662818195369:pay Alice 50
1662818204262:Pay Alice 100
1662818214042:pay Alice 100
1662818227320:topup 30
1662818237092:login Alice
1662818500955:topup 100
1662818506149:login Bob
1662818509591:topup 80
1662818547073:pay Alice 50
1662818553061:pay Alice 100
1662818563674:topup 30
1662819119800:login Alice
1662819126105:topup 100
1662819130646:login Bob
1662819138497:topup 80
1662819144683:pay Alice 50
1662819151073:pay Alice 100
1662819165613:topup 30
1662819181754:login Alice
1662822825369:topup 100
1662822830456:login Bob
1662822835526:topup 80
1662822844029:pay Alice 50
1662822854687:pay Alice 100
1662822875110:topup 30
1662824480023:login ALice
1662824486362:topup 100
1662824668432:login ALice
1662824672961:topup 100
1662824764013:login Alice
1662824769176:topup 100
1662824777790:login Bob
1662824782719:topup 80
1662824789437:pay Alice 50
1662824795620:pay Alice 100
1662824808561:topup 30
1662825185985:login Alice
1662825190700:topup 100
1662825208572:login Bob
1662825212322:topup 80
1662825220979:pay Alice 50
1662825274456:pay Alice 100
1662825298982:topup 30
1662825443637:login Alice
1662825449428:topup 100
1662825453726:login Bob
1662825457568:topup 80
1662825463621:pay Alice 50
1662825470247:pay Alice 100
1662825485435:topup 30
1662825508615:login Alice
1662825599594:pay Bob 30
1662825617798:login Bob
1662825977091:login Alice
1662825982497:topup 100
1662825985874:login Bob
1662825990774:topup 80
1662826002984:pay Alice 50
1662826015959:pay Alice 100
1662826030134:topup 30
1662826051086:login Alice
1662826073165:pay Bob 30
1662826082946:login Bob
1662826142268:login Alice
1662826147178:topup 100
1662826150217:login Bob
1662826155357:topup 80
1662826163501:pay Alice 50
1662826174553:pay Alice 100
1662826183041:topup 30
1662826194467:login Alice
1662826213761:pay Bob 30
1662826639798:login Bob
1662826649241:topup 100
1662826680417:login Alice
1662826685463:topup 100
1662826689542:login Bob
1662826693761:topup 80
1662826699988:pay Alice 50
1662826705924:pay Alice 100
1662826714955:topup 30
1662826724688:login Alice
1662826739093:pay Bob 30
1662827118267:login Alice
1662827124446:topup 100
1662827128399:login Bob
1662827133123:topup 80
1662827141389:pay Alice 50
1662827153203:pay Alice 100
1662827207793:login Alice
1662827211447:topup 100
1662827214436:login Bob
1662827217606:topup 80
1662827232847:pay Alice 50
1662827489026:login Alice
1662827496352:topup 100
1662827500257:login Bob
1662827505106:topup 80
1662827512428:pay Alice 50
1662827614565:login Alice
1662827622541:topup 100
1662827626003:login Bob
1662827630808:topup 80
1662827645401:pay Alice 50
1662827827881:login Alice
1662827831238:topup 100
1662827833866:login Bob
1662827837370:topup 80
1662827845322:pay Alice 50
1662827851628:pay Alice 100
1662828016176:login Alice
1662828020261:topup 100
1662828023555:login Bob
1662828026369:topup 80
1662828031649:pay ALice 50
1662828048605:pay Alice 50
1662828058929:pay Alice 100
1662828066261:topup 30
1662828076289:login Alice
1662828091527:login Bob
1662828109770:pay Bob 30
1662828131055:login Alice
1662828141121:topup 100
1662828145391:login Bob
1662828151033:topup 80
1662828157206:pay Alice 50
1662828162627:pay Alice 100
1662828171618:topup 30
1662828181210:login Alice
1662828193729:pay Bob 30
1662828207953:login Bob
1662828217008:topup 100
1662829239488:login Alice
1662829242813:topup 100
1662829313202:login Alice
1662829315792:topup 100
1662829318839:login Bob
1662829323568:topup 80
1662829347333:pay Alice 50
1662829353873:pay Alice 100
1662829363549:topup 30
1662829374955:login Alice
1662829386651:pay Bob 30
1662829399571:login Bob
1662829407361:topup 100
1662829834639:login Alice
1662829841292:topup 100
1662829844198:login Bob
1662829849985:topup 80
1662829854800:pay Alice 50
1662829895124:login Alice
1662829898219:topup 100
1662829900983:login Bob
1662829905346:topup 80
1662829911215:pay Alice 50
1662830032327:login Alice
1662830035079:topup 100
1662830038496:login Bob
1662830041365:topup 80
1662830056585:pay Alice 50
1662830084319:pay Alice 100
1662830116417:topup 30
1662830127002:login Alice
1662830151880:pay Bob 30
1662830525104:login Alice
1662830528918:topup 100
1662830531696:login Bob
1662830534912:topup 80
1662830543347:pay Alice 50
1662830576207:login Alice
1662830578911:topup 100
1662830582086:login Bob
1662830585052:topup 80
1662830591830:pay Alice 50
1662830597860:pay Alice 100
1662830607657:topup 30
1662830615496:login Alice
1662830623051:pay Bob 30
1662830748257:login Alice
1662830752122:topup 100
1662830755078:login Bob
1662830757716:topup 80
1662830767328:pay Alice 50
1662830773396:pay Alice 100
1662830782480:topup 30
1662830789947:login Alice
1662830804731:pay Bob 30
1662830920522:login Alice
1662830925045:topup 100
1662830927505:login Bob
1662830930839:topup 80
1662830938494:pay Alice 50
1662830947489:pay Alice 100
1662830962734:topup 30
1662830973032:login Alice
1662830981355:pay Bob 30
1662830992800:login Bob
1662831000557:topup 100
1662864013894:login Alice
1662864017671:topup 100
1662864022285:login Bob
1662864027483:topup 80
1662864034035:pay Alice 50
1662864046267:pay Alice 100
1662864058002:topup 30
1662864097779:login Alice
1662864108947:pay Bob 30
1662864196304:login Alice
1662864202170:topup 100
1662864206503:login Bob
1662864211885:topup 80
1662864220216:pay Alice 50
1662864227232:pay Alice 100
1662864235600:topup 30
1662864252872:login Alice
1662864260707:pay Bob 30
1662864267369:login Bob
1662864280355:topup 100
1662864336739:login Alice
1662864357972:topup 100
1662864372324:ogin Bob
1662864409172:login Bob
1662864421953:topup 80
1662864449662:pay Alice 50
1662864465999:pay Alice 100
1662864490645:opup 30
1662864499016:topup 30
1662864510871:login Alice
1662864523632:pay bob 30
1662864532669:pay Bob 30
1662864567515:login Bob
1662868549052:login Alice
1662868552841:topup 100
1662868555912:login Bob
1662868559116:topup 30
1662868583133:login Alice
1662868586903:topup 100
1662868592590:login Bob
1662868601345:topup 80
1662868624171:pay Alice 50
1662868631455:pay Alice 100
1662868694522:topup 30
1662868701082:login Alice
1662868709814:pay Bob 30
1662868722389:login Bob
1662868738596:topup 100
1662869071538:login Alice
1662869080634:topup 100
1662869086301:login Bob
1662869091480:topup 80
1662869099248:pay Alice 50
1662869104187:pay Alice 100
1662869116150:topup 30
1662869123593:login Alice
1662869131891:pay Bob 30
